<?xml version="1.0" encoding="UTF-8"?>
<testng-results ignored="0" total="5" passed="5" failed="0" skipped="0">
  <reporter-output>
  </reporter-output>
  <suite started-at="2025-01-30T18:23:34 IST" name="Default suite" finished-at="2025-01-30T18:23:38 IST" duration-ms="4068">
    <groups>
    </groups>
    <test started-at="2025-01-30T18:23:34 IST" name="Default test" finished-at="2025-01-30T18:23:38 IST" duration-ms="4068">
      <class name="A008_End_to_End_E_Commerce.A001_End_to_end_automation">
        <test-method signature="login()[pri:1, instance:A008_End_to_End_E_Commerce.A001_End_to_end_automation@23c30a20]" started-at="2025-01-30T18:23:34 IST" name="login" finished-at="2025-01-30T18:23:37 IST" duration-ms="3074" status="PASS">
          <reporter-output>
          </reporter-output>
        </test-method> <!-- login -->
        <test-method signature="create_product()[pri:2, instance:A008_End_to_End_E_Commerce.A001_End_to_end_automation@23c30a20]" started-at="2025-01-30T18:23:37 IST" name="create_product" finished-at="2025-01-30T18:23:37 IST" duration-ms="370" status="PASS">
          <reporter-output>
          </reporter-output>
        </test-method> <!-- create_product -->
        <test-method signature="create_order()[pri:3, instance:A008_End_to_End_E_Commerce.A001_End_to_end_automation@23c30a20]" started-at="2025-01-30T18:23:37 IST" name="create_order" finished-at="2025-01-30T18:23:38 IST" duration-ms="223" status="PASS">
          <reporter-output>
          </reporter-output>
        </test-method> <!-- create_order -->
        <test-method signature="view_order()[pri:4, instance:A008_End_to_End_E_Commerce.A001_End_to_end_automation@23c30a20]" started-at="2025-01-30T18:23:38 IST" name="view_order" finished-at="2025-01-30T18:23:38 IST" duration-ms="155" status="PASS">
          <reporter-output>
          </reporter-output>
        </test-method> <!-- view_order -->
        <test-method signature="delete_order()[pri:5, instance:A008_End_to_End_E_Commerce.A001_End_to_end_automation@23c30a20]" started-at="2025-01-30T18:23:38 IST" name="delete_order" finished-at="2025-01-30T18:23:38 IST" duration-ms="152" status="PASS">
          <reporter-output>
          </reporter-output>
        </test-method> <!-- delete_order -->
      </class> <!-- A008_End_to_End_E_Commerce.A001_End_to_end_automation -->
    </test> <!-- Default test -->
  </suite> <!-- Default suite -->
</testng-results>
