<?xml version="1.0" encoding="UTF-8"?>
<testng-results ignored="0" total="1" passed="1" failed="0" skipped="0">
  <reporter-output>
  </reporter-output>
  <suite started-at="2025-02-11T12:46:59 IST" name="Default suite" finished-at="2025-02-11T12:47:03 IST" duration-ms="4035">
    <groups>
    </groups>
    <test started-at="2025-02-11T12:46:59 IST" name="Default test" finished-at="2025-02-11T12:47:03 IST" duration-ms="4035">
      <class name="A006_Serealisation_google_map.S001_Serealization">
        <test-method signature="gmap()[pri:0, instance:A006_Serealisation_google_map.S001_Serealization@1e1a0406]" started-at="2025-02-11T12:46:59 IST" name="gmap" finished-at="2025-02-11T12:47:03 IST" duration-ms="3961" status="PASS">
          <reporter-output>
          </reporter-output>
        </test-method> <!-- gmap -->
      </class> <!-- A006_Serealisation_google_map.S001_Serealization -->
    </test> <!-- Default test -->
  </suite> <!-- Default suite -->
</testng-results>
